<?xml version="1.0" encoding="UTF-8"?>
<testsuite xmlns:xsi="http://www.w3.org/2001/XMLSchema-instance" xsi:noNamespaceSchemaLocation="https://maven.apache.org/surefire/maven-surefire-plugin/xsd/surefire-test-report-3.0.xsd" version="3.0" name="org.immigration.project.ImmigrantTest" time="0.012" tests="6" errors="0" skipped="0" failures="0">
  <properties>
[...]
</properties>
  <testcase name="testAddDependentIgnoresDuplicates" classname="org.immigration.project.ImmigrantTest" time="0.003"/>
  <testcase name="testBuilderCreatesImmigrant" classname="org.immigration.project.ImmigrantTest" time="0.001"/>
  <testcase name="testGetters" classname="org.immigration.project.ImmigrantTest" time="0.001"/>
  <testcase name="testAddDependent" classname="org.immigration.project.ImmigrantTest" time="0.001"/>
  <testcase name="testSubmitApplicationSendsEmail" classname="org.immigration.project.ImmigrantTest" time="0.003"/>
  <testcase name="testSubmitDocumentsSendsEmail" classname="org.immigration.project.ImmigrantTest" time="0"/>
</testsuite>