<?xml version="1.0" encoding="UTF-8"?>
<testsuite xmlns:xsi="http://www.w3.org/2001/XMLSchema-instance" xsi:noNamespaceSchemaLocation="https://maven.apache.org/surefire/maven-surefire-plugin/xsd/surefire-test-report-3.0.xsd" version="3.0" name="org.immigration.project.DataEntryFormTest" time="1.141" tests="6" errors="0" skipped="0" failures="0">
  <properties>
[...]
</properties>
  <testcase name="testLastUpdateDateIsSameAsCreationDateOnCreation" classname="org.immigration.project.DataEntryFormTest" time="0.127"/>
  <testcase name="testSetFieldUpdatesLastUpdateDate" classname="org.immigration.project.DataEntryFormTest" time="1.006"/>
  <testcase name="testSetFieldUpdatesTheFieldValue" classname="org.immigration.project.DataEntryFormTest" time="0.002"/>
  <testcase name="testCreationDateIsSet" classname="org.immigration.project.DataEntryFormTest" time="0.001"/>
  <testcase name="testFormFieldsAreEmptyOnCreation" classname="org.immigration.project.DataEntryFormTest" time="0.001"/>
  <testcase name="testFormIdIsGenerated" classname="org.immigration.project.DataEntryFormTest" time="0.001"/>
</testsuite>